[11-Apr-2018 20:39:39 UTC] PHP Warning:  include(vendor/autoload.php): failed to open stream: No such file or directory in /Users/talles/Public/simboPaser/app.php on line 11
[11-Apr-2018 20:39:39 UTC] PHP Warning:  include(): Failed opening 'vendor/autoload.php' for inclusion (include_path='.:') in /Users/talles/Public/simboPaser/app.php on line 11
[11-Apr-2018 20:39:40 UTC] PHP Notice:  Undefined offset: 1 in /Users/talles/Public/simboPaser/populator.php on line 21
[11-Apr-2018 20:39:40 UTC] PHP Notice:  Undefined index: UtilArea in /Users/talles/Public/simboPaser/populator.php on line 26
[11-Apr-2018 20:39:40 UTC] PHP Notice:  Undefined index: RentPrice in /Users/talles/Public/simboPaser/populator.php on line 38
[11-Apr-2018 20:39:40 UTC] PHP Notice:  Undefined offset: 1 in /Users/talles/Public/simboPaser/populator.php on line 21
[11-Apr-2018 20:39:40 UTC] PHP Notice:  Undefined offset: 1 in /Users/talles/Public/simboPaser/populator.php on line 21
[11-Apr-2018 20:39:40 UTC] PHP Notice:  Undefined offset: 1 in /Users/talles/Public/simboPaser/populator.php on line 21
[11-Apr-2018 20:39:40 UTC] PHP Notice:  Undefined offset: 1 in /Users/talles/Public/simboPaser/populator.php on line 21
[11-Apr-2018 20:39:40 UTC] PHP Notice:  Undefined offset: 1 in /Users/talles/Public/simboPaser/populator.php on line 21
[11-Apr-2018 20:39:40 UTC] PHP Notice:  Undefined index: RentPrice in /Users/talles/Public/simboPaser/populator.php on line 38
[11-Apr-2018 20:39:40 UTC] PHP Notice:  Undefined offset: 1 in /Users/talles/Public/simboPaser/populator.php on line 21
[11-Apr-2018 20:39:40 UTC] PHP Notice:  Undefined offset: 1 in /Users/talles/Public/simboPaser/populator.php on line 21
[11-Apr-2018 20:39:40 UTC] PHP Notice:  Undefined offset: 1 in /Users/talles/Public/simboPaser/populator.php on line 21
[11-Apr-2018 20:39:40 UTC] PHP Notice:  Undefined offset: 1 in /Users/talles/Public/simboPaser/populator.php on line 21
[11-Apr-2018 20:39:40 UTC] PHP Notice:  Undefined index: RentPrice in /Users/talles/Public/simboPaser/populator.php on line 38
[11-Apr-2018 20:39:40 UTC] PHP Notice:  Undefined offset: 1 in /Users/talles/Public/simboPaser/populator.php on line 21
[11-Apr-2018 20:39:40 UTC] PHP Notice:  Undefined index: RentPrice in /Users/talles/Public/simboPaser/populator.php on line 38
[11-Apr-2018 20:39:40 UTC] PHP Notice:  Undefined offset: 1 in /Users/talles/Public/simboPaser/populator.php on line 21
[11-Apr-2018 20:39:40 UTC] PHP Notice:  Undefined index: RentPrice in /Users/talles/Public/simboPaser/populator.php on line 38
[11-Apr-2018 20:39:40 UTC] PHP Notice:  Undefined offset: 1 in /Users/talles/Public/simboPaser/populator.php on line 21
[11-Apr-2018 20:39:40 UTC] PHP Notice:  Undefined offset: 1 in /Users/talles/Public/simboPaser/populator.php on line 21
[11-Apr-2018 20:39:40 UTC] PHP Notice:  Undefined offset: 1 in /Users/talles/Public/simboPaser/populator.php on line 21
[11-Apr-2018 20:39:40 UTC] PHP Notice:  Undefined offset: 1 in /Users/talles/Public/simboPaser/populator.php on line 21
[11-Apr-2018 20:39:40 UTC] PHP Notice:  Undefined offset: 1 in /Users/talles/Public/simboPaser/populator.php on line 21
[11-Apr-2018 20:39:40 UTC] PHP Notice:  Undefined index: Latitude in /Users/talles/Public/simboPaser/populator.php on line 31
[11-Apr-2018 20:39:40 UTC] PHP Notice:  Undefined index: Longitude in /Users/talles/Public/simboPaser/populator.php on line 32
[11-Apr-2018 20:39:40 UTC] PHP Notice:  Undefined index: RentPrice in /Users/talles/Public/simboPaser/populator.php on line 38
[11-Apr-2018 20:39:40 UTC] PHP Notice:  Undefined offset: 1 in /Users/talles/Public/simboPaser/populator.php on line 21
[11-Apr-2018 20:39:40 UTC] PHP Notice:  Undefined index: RentPrice in /Users/talles/Public/simboPaser/populator.php on line 38
[11-Apr-2018 20:39:40 UTC] PHP Notice:  Undefined offset: 1 in /Users/talles/Public/simboPaser/populator.php on line 21
[11-Apr-2018 20:39:40 UTC] PHP Notice:  Undefined index: RentPrice in /Users/talles/Public/simboPaser/populator.php on line 38
[11-Apr-2018 20:39:40 UTC] PHP Notice:  Undefined offset: 1 in /Users/talles/Public/simboPaser/populator.php on line 21
[11-Apr-2018 20:39:40 UTC] PHP Notice:  Undefined offset: 1 in /Users/talles/Public/simboPaser/populator.php on line 21
[11-Apr-2018 20:39:40 UTC] PHP Notice:  Undefined offset: 1 in /Users/talles/Public/simboPaser/populator.php on line 21
[11-Apr-2018 20:39:40 UTC] PHP Notice:  Undefined offset: 1 in /Users/talles/Public/simboPaser/populator.php on line 21
[11-Apr-2018 20:39:40 UTC] PHP Notice:  Undefined index: Latitude in /Users/talles/Public/simboPaser/populator.php on line 31
[11-Apr-2018 20:39:40 UTC] PHP Notice:  Undefined index: Longitude in /Users/talles/Public/simboPaser/populator.php on line 32
[11-Apr-2018 20:39:40 UTC] PHP Notice:  Undefined index: RentPrice in /Users/talles/Public/simboPaser/populator.php on line 38
[11-Apr-2018 20:39:40 UTC] PHP Notice:  Undefined offset: 1 in /Users/talles/Public/simboPaser/populator.php on line 21
[11-Apr-2018 20:39:40 UTC] PHP Notice:  Undefined offset: 1 in /Users/talles/Public/simboPaser/populator.php on line 21
[11-Apr-2018 20:39:40 UTC] PHP Notice:  Undefined index: Address in /Users/talles/Public/simboPaser/populator.php on line 24
[11-Apr-2018 20:39:40 UTC] PHP Notice:  Undefined index: Number in /Users/talles/Public/simboPaser/populator.php on line 24
[11-Apr-2018 20:39:40 UTC] PHP Notice:  Undefined index: PostalCode in /Users/talles/Public/simboPaser/populator.php on line 24
[11-Apr-2018 20:39:40 UTC] PHP Notice:  Undefined index: Latitude in /Users/talles/Public/simboPaser/populator.php on line 31
[11-Apr-2018 20:39:40 UTC] PHP Notice:  Undefined index: Longitude in /Users/talles/Public/simboPaser/populator.php on line 32
[11-Apr-2018 20:39:40 UTC] PHP Notice:  Undefined index: RentPrice in /Users/talles/Public/simboPaser/populator.php on line 38
[11-Apr-2018 20:39:40 UTC] PHP Notice:  Undefined offset: 1 in /Users/talles/Public/simboPaser/populator.php on line 21
[11-Apr-2018 20:39:40 UTC] PHP Notice:  Undefined offset: 1 in /Users/talles/Public/simboPaser/populator.php on line 21
[11-Apr-2018 20:39:40 UTC] PHP Notice:  Undefined index: Address in /Users/talles/Public/simboPaser/populator.php on line 24
[11-Apr-2018 20:39:40 UTC] PHP Notice:  Undefined index: Number in /Users/talles/Public/simboPaser/populator.php on line 24
[11-Apr-2018 20:39:40 UTC] PHP Notice:  Undefined index: PostalCode in /Users/talles/Public/simboPaser/populator.php on line 24
[11-Apr-2018 20:39:40 UTC] PHP Notice:  Undefined index: Latitude in /Users/talles/Public/simboPaser/populator.php on line 31
[11-Apr-2018 20:39:40 UTC] PHP Notice:  Undefined index: Longitude in /Users/talles/Public/simboPaser/populator.php on line 32
[11-Apr-2018 20:39:40 UTC] PHP Notice:  Undefined index: RentPrice in /Users/talles/Public/simboPaser/populator.php on line 38
[11-Apr-2018 20:39:40 UTC] PHP Notice:  Undefined index: Info in /Users/talles/Public/simboPaser/populator.php on line 18
[11-Apr-2018 20:39:40 UTC] PHP Notice:  Undefined offset: 1 in /Users/talles/Public/simboPaser/populator.php on line 21
[11-Apr-2018 20:39:40 UTC] PHP Notice:  Undefined index: PostalCode in /Users/talles/Public/simboPaser/populator.php on line 24
[11-Apr-2018 20:39:40 UTC] PHP Notice:  Undefined index: RentPrice in /Users/talles/Public/simboPaser/populator.php on line 38
[11-Apr-2018 20:39:40 UTC] PHP Notice:  Undefined offset: 1 in /Users/talles/Public/simboPaser/populator.php on line 21
[11-Apr-2018 20:39:40 UTC] PHP Notice:  Undefined offset: 1 in /Users/talles/Public/simboPaser/populator.php on line 21
[11-Apr-2018 20:39:40 UTC] PHP Notice:  Undefined offset: 1 in /Users/talles/Public/simboPaser/populator.php on line 21
[11-Apr-2018 20:39:40 UTC] PHP Notice:  Undefined index: RentPrice in /Users/talles/Public/simboPaser/populator.php on line 38
[11-Apr-2018 20:39:40 UTC] PHP Notice:  Undefined offset: 1 in /Users/talles/Public/simboPaser/populator.php on line 21
[11-Apr-2018 20:39:40 UTC] PHP Notice:  Undefined offset: 1 in /Users/talles/Public/simboPaser/populator.php on line 21
[11-Apr-2018 20:39:40 UTC] PHP Notice:  Undefined offset: 1 in /Users/talles/Public/simboPaser/populator.php on line 21
[11-Apr-2018 20:39:40 UTC] PHP Notice:  Undefined index: RentPrice in /Users/talles/Public/simboPaser/populator.php on line 38
[11-Apr-2018 20:39:40 UTC] PHP Notice:  Undefined offset: 1 in /Users/talles/Public/simboPaser/populator.php on line 21
[11-Apr-2018 20:39:40 UTC] PHP Notice:  Undefined offset: 1 in /Users/talles/Public/simboPaser/populator.php on line 21
[11-Apr-2018 20:39:40 UTC] PHP Notice:  Undefined offset: 1 in /Users/talles/Public/simboPaser/populator.php on line 21
[11-Apr-2018 20:39:40 UTC] PHP Notice:  Undefined offset: 1 in /Users/talles/Public/simboPaser/populator.php on line 21
[11-Apr-2018 20:39:40 UTC] PHP Notice:  Undefined offset: 1 in /Users/talles/Public/simboPaser/populator.php on line 21
[11-Apr-2018 20:39:40 UTC] PHP Notice:  Undefined index: PostalCode in /Users/talles/Public/simboPaser/populator.php on line 24
[11-Apr-2018 20:39:40 UTC] PHP Notice:  Undefined index: RentPrice in /Users/talles/Public/simboPaser/populator.php on line 38
[11-Apr-2018 20:39:40 UTC] PHP Notice:  Undefined offset: 1 in /Users/talles/Public/simboPaser/populator.php on line 21
[11-Apr-2018 20:39:40 UTC] PHP Notice:  Undefined index: RentPrice in /Users/talles/Public/simboPaser/populator.php on line 38
[11-Apr-2018 20:39:40 UTC] PHP Notice:  Undefined offset: 1 in /Users/talles/Public/simboPaser/populator.php on line 21
[11-Apr-2018 20:39:40 UTC] PHP Notice:  Undefined offset: 1 in /Users/talles/Public/simboPaser/populator.php on line 21
[11-Apr-2018 20:39:40 UTC] PHP Notice:  Undefined index: Latitude in /Users/talles/Public/simboPaser/populator.php on line 31
[11-Apr-2018 20:39:40 UTC] PHP Notice:  Undefined index: Longitude in /Users/talles/Public/simboPaser/populator.php on line 32
[11-Apr-2018 20:39:40 UTC] PHP Notice:  Undefined index: RentPrice in /Users/talles/Public/simboPaser/populator.php on line 38
[11-Apr-2018 20:39:40 UTC] PHP Notice:  Undefined offset: 1 in /Users/talles/Public/simboPaser/populator.php on line 21
[11-Apr-2018 20:39:40 UTC] PHP Notice:  Undefined index: RentPrice in /Users/talles/Public/simboPaser/populator.php on line 38
[11-Apr-2018 20:39:40 UTC] PHP Notice:  Undefined offset: 1 in /Users/talles/Public/simboPaser/populator.php on line 21
[11-Apr-2018 20:39:40 UTC] PHP Notice:  Undefined offset: 1 in /Users/talles/Public/simboPaser/populator.php on line 21
[11-Apr-2018 20:39:40 UTC] PHP Notice:  Undefined offset: 1 in /Users/talles/Public/simboPaser/populator.php on line 21
[11-Apr-2018 20:39:40 UTC] PHP Notice:  Undefined index: RentPrice in /Users/talles/Public/simboPaser/populator.php on line 38
[11-Apr-2018 20:39:40 UTC] PHP Notice:  Undefined offset: 1 in /Users/talles/Public/simboPaser/populator.php on line 21
[11-Apr-2018 20:39:40 UTC] PHP Notice:  Undefined offset: 1 in /Users/talles/Public/simboPaser/populator.php on line 21
[11-Apr-2018 20:39:40 UTC] PHP Notice:  Undefined offset: 1 in /Users/talles/Public/simboPaser/populator.php on line 21
[11-Apr-2018 20:39:40 UTC] PHP Notice:  Undefined index: RentPrice in /Users/talles/Public/simboPaser/populator.php on line 38
[11-Apr-2018 20:39:40 UTC] PHP Notice:  Undefined offset: 1 in /Users/talles/Public/simboPaser/populator.php on line 21
[11-Apr-2018 20:39:40 UTC] PHP Notice:  Undefined index: RentPrice in /Users/talles/Public/simboPaser/populator.php on line 38
[11-Apr-2018 20:39:40 UTC] PHP Notice:  Undefined offset: 1 in /Users/talles/Public/simboPaser/populator.php on line 21
[11-Apr-2018 20:39:40 UTC] PHP Notice:  Undefined index: UtilArea in /Users/talles/Public/simboPaser/populator.php on line 26
[11-Apr-2018 20:39:40 UTC] PHP Notice:  Undefined index: RentPrice in /Users/talles/Public/simboPaser/populator.php on line 38
[11-Apr-2018 20:39:40 UTC] PHP Notice:  Undefined offset: 1 in /Users/talles/Public/simboPaser/populator.php on line 21
[11-Apr-2018 20:39:40 UTC] PHP Notice:  Undefined offset: 1 in /Users/talles/Public/simboPaser/populator.php on line 21
[11-Apr-2018 20:39:40 UTC] PHP Notice:  Undefined offset: 1 in /Users/talles/Public/simboPaser/populator.php on line 21
[11-Apr-2018 20:39:40 UTC] PHP Notice:  Undefined offset: 1 in /Users/talles/Public/simboPaser/populator.php on line 21
[11-Apr-2018 20:39:40 UTC] PHP Notice:  Undefined index: Latitude in /Users/talles/Public/simboPaser/populator.php on line 31
[11-Apr-2018 20:39:40 UTC] PHP Notice:  Undefined index: Longitude in /Users/talles/Public/simboPaser/populator.php on line 32
[11-Apr-2018 20:39:40 UTC] PHP Notice:  Undefined index: RentPrice in /Users/talles/Public/simboPaser/populator.php on line 38
[11-Apr-2018 20:39:40 UTC] PHP Notice:  Undefined offset: 1 in /Users/talles/Public/simboPaser/populator.php on line 21
[11-Apr-2018 20:39:40 UTC] PHP Notice:  Undefined index: RentPrice in /Users/talles/Public/simboPaser/populator.php on line 38
[11-Apr-2018 20:39:40 UTC] PHP Notice:  Undefined offset: 1 in /Users/talles/Public/simboPaser/populator.php on line 21
[11-Apr-2018 20:39:40 UTC] PHP Notice:  Undefined index: RentPrice in /Users/talles/Public/simboPaser/populator.php on line 38
[11-Apr-2018 20:39:40 UTC] PHP Notice:  Undefined offset: 1 in /Users/talles/Public/simboPaser/populator.php on line 21
[11-Apr-2018 20:39:40 UTC] PHP Notice:  Undefined index: Latitude in /Users/talles/Public/simboPaser/populator.php on line 31
[11-Apr-2018 20:39:40 UTC] PHP Notice:  Undefined index: Longitude in /Users/talles/Public/simboPaser/populator.php on line 32
[11-Apr-2018 20:39:40 UTC] PHP Notice:  Undefined index: RentPrice in /Users/talles/Public/simboPaser/populator.php on line 38
[11-Apr-2018 20:39:40 UTC] PHP Notice:  Undefined offset: 1 in /Users/talles/Public/simboPaser/populator.php on line 21
[11-Apr-2018 20:39:40 UTC] PHP Notice:  Undefined offset: 1 in /Users/talles/Public/simboPaser/populator.php on line 21
[11-Apr-2018 20:39:40 UTC] PHP Notice:  Undefined index: RentPrice in /Users/talles/Public/simboPaser/populator.php on line 38
[11-Apr-2018 20:39:40 UTC] PHP Notice:  Undefined offset: 1 in /Users/talles/Public/simboPaser/populator.php on line 21
[11-Apr-2018 20:39:40 UTC] PHP Notice:  Undefined index: RentPrice in /Users/talles/Public/simboPaser/populator.php on line 38
[11-Apr-2018 20:39:40 UTC] PHP Notice:  Undefined offset: 1 in /Users/talles/Public/simboPaser/populator.php on line 21
[11-Apr-2018 20:39:40 UTC] PHP Notice:  Undefined index: Latitude in /Users/talles/Public/simboPaser/populator.php on line 31
[11-Apr-2018 20:39:40 UTC] PHP Notice:  Undefined index: Longitude in /Users/talles/Public/simboPaser/populator.php on line 32
[11-Apr-2018 20:39:40 UTC] PHP Notice:  Undefined offset: 1 in /Users/talles/Public/simboPaser/populator.php on line 21
[11-Apr-2018 20:39:40 UTC] PHP Notice:  Undefined index: Latitude in /Users/talles/Public/simboPaser/populator.php on line 31
[11-Apr-2018 20:39:40 UTC] PHP Notice:  Undefined index: Longitude in /Users/talles/Public/simboPaser/populator.php on line 32
[11-Apr-2018 20:39:40 UTC] PHP Notice:  Undefined offset: 1 in /Users/talles/Public/simboPaser/populator.php on line 21
[11-Apr-2018 20:39:40 UTC] PHP Notice:  Undefined offset: 1 in /Users/talles/Public/simboPaser/populator.php on line 21
[11-Apr-2018 20:39:40 UTC] PHP Notice:  Undefined offset: 1 in /Users/talles/Public/simboPaser/populator.php on line 21
[11-Apr-2018 20:39:40 UTC] PHP Notice:  Undefined offset: 1 in /Users/talles/Public/simboPaser/populator.php on line 21
[11-Apr-2018 20:39:40 UTC] PHP Notice:  Undefined index: Latitude in /Users/talles/Public/simboPaser/populator.php on line 31
[11-Apr-2018 20:39:40 UTC] PHP Notice:  Undefined index: Longitude in /Users/talles/Public/simboPaser/populator.php on line 32
[11-Apr-2018 20:39:40 UTC] PHP Notice:  Undefined index: RentPrice in /Users/talles/Public/simboPaser/populator.php on line 38
[11-Apr-2018 20:39:40 UTC] PHP Notice:  Undefined offset: 1 in /Users/talles/Public/simboPaser/populator.php on line 21
[11-Apr-2018 20:39:40 UTC] PHP Notice:  Undefined offset: 1 in /Users/talles/Public/simboPaser/populator.php on line 21
[11-Apr-2018 20:39:40 UTC] PHP Notice:  Undefined index: Latitude in /Users/talles/Public/simboPaser/populator.php on line 31
[11-Apr-2018 20:39:40 UTC] PHP Notice:  Undefined index: Longitude in /Users/talles/Public/simboPaser/populator.php on line 32
[11-Apr-2018 20:39:40 UTC] PHP Notice:  Undefined index: RentPrice in /Users/talles/Public/simboPaser/populator.php on line 38
[11-Apr-2018 20:39:40 UTC] PHP Notice:  Undefined offset: 1 in /Users/talles/Public/simboPaser/populator.php on line 21
[11-Apr-2018 20:39:40 UTC] PHP Notice:  Undefined index: UtilArea in /Users/talles/Public/simboPaser/populator.php on line 26
[11-Apr-2018 20:39:40 UTC] PHP Notice:  Undefined index: RentPrice in /Users/talles/Public/simboPaser/populator.php on line 38
[11-Apr-2018 20:39:40 UTC] PHP Notice:  Undefined offset: 1 in /Users/talles/Public/simboPaser/populator.php on line 21
[11-Apr-2018 20:39:40 UTC] PHP Notice:  Undefined index: RentPrice in /Users/talles/Public/simboPaser/populator.php on line 38
[11-Apr-2018 20:39:40 UTC] PHP Notice:  Undefined offset: 1 in /Users/talles/Public/simboPaser/populator.php on line 21
[11-Apr-2018 20:39:40 UTC] PHP Notice:  Undefined index: RentPrice in /Users/talles/Public/simboPaser/populator.php on line 38
[11-Apr-2018 20:39:40 UTC] PHP Notice:  Undefined offset: 1 in /Users/talles/Public/simboPaser/populator.php on line 21
[11-Apr-2018 20:39:40 UTC] PHP Notice:  Undefined index: RentPrice in /Users/talles/Public/simboPaser/populator.php on line 38
[11-Apr-2018 20:39:40 UTC] PHP Notice:  Undefined offset: 1 in /Users/talles/Public/simboPaser/populator.php on line 21
[11-Apr-2018 20:39:40 UTC] PHP Notice:  Undefined offset: 1 in /Users/talles/Public/simboPaser/populator.php on line 21
[11-Apr-2018 20:39:40 UTC] PHP Notice:  Undefined index: RentPrice in /Users/talles/Public/simboPaser/populator.php on line 38
[11-Apr-2018 20:39:40 UTC] PHP Notice:  Undefined offset: 1 in /Users/talles/Public/simboPaser/populator.php on line 21
[11-Apr-2018 20:39:40 UTC] PHP Notice:  Undefined index: RentPrice in /Users/talles/Public/simboPaser/populator.php on line 38
[11-Apr-2018 20:39:40 UTC] PHP Notice:  Undefined offset: 1 in /Users/talles/Public/simboPaser/populator.php on line 21
[11-Apr-2018 20:39:40 UTC] PHP Notice:  Undefined index: Latitude in /Users/talles/Public/simboPaser/populator.php on line 31
[11-Apr-2018 20:39:40 UTC] PHP Notice:  Undefined index: Longitude in /Users/talles/Public/simboPaser/populator.php on line 32
[11-Apr-2018 20:39:40 UTC] PHP Notice:  Undefined index: RentPrice in /Users/talles/Public/simboPaser/populator.php on line 38
[11-Apr-2018 20:39:40 UTC] PHP Notice:  Undefined offset: 1 in /Users/talles/Public/simboPaser/populator.php on line 21
[11-Apr-2018 20:39:40 UTC] PHP Notice:  Undefined index: Latitude in /Users/talles/Public/simboPaser/populator.php on line 31
[11-Apr-2018 20:39:40 UTC] PHP Notice:  Undefined index: Longitude in /Users/talles/Public/simboPaser/populator.php on line 32
[11-Apr-2018 20:39:40 UTC] PHP Notice:  Undefined index: RentPrice in /Users/talles/Public/simboPaser/populator.php on line 38
[11-Apr-2018 20:39:40 UTC] PHP Notice:  Undefined offset: 1 in /Users/talles/Public/simboPaser/populator.php on line 21
[11-Apr-2018 20:39:40 UTC] PHP Notice:  Undefined index: UtilArea in /Users/talles/Public/simboPaser/populator.php on line 26
[11-Apr-2018 20:39:40 UTC] PHP Notice:  Undefined index: RentPrice in /Users/talles/Public/simboPaser/populator.php on line 38
[11-Apr-2018 20:39:40 UTC] PHP Notice:  Undefined offset: 1 in /Users/talles/Public/simboPaser/populator.php on line 21
[11-Apr-2018 20:39:40 UTC] PHP Notice:  Undefined index: RentPrice in /Users/talles/Public/simboPaser/populator.php on line 38
[11-Apr-2018 20:39:40 UTC] PHP Notice:  Undefined offset: 1 in /Users/talles/Public/simboPaser/populator.php on line 21
[11-Apr-2018 20:39:40 UTC] PHP Notice:  Undefined offset: 1 in /Users/talles/Public/simboPaser/populator.php on line 21
[11-Apr-2018 20:39:40 UTC] PHP Notice:  Undefined offset: 1 in /Users/talles/Public/simboPaser/populator.php on line 21
[11-Apr-2018 20:39:40 UTC] PHP Notice:  Undefined index: RentPrice in /Users/talles/Public/simboPaser/populator.php on line 38
[11-Apr-2018 20:39:40 UTC] PHP Notice:  Undefined offset: 1 in /Users/talles/Public/simboPaser/populator.php on line 21
[11-Apr-2018 20:39:40 UTC] PHP Notice:  Undefined index: Latitude in /Users/talles/Public/simboPaser/populator.php on line 31
[11-Apr-2018 20:39:40 UTC] PHP Notice:  Undefined index: Longitude in /Users/talles/Public/simboPaser/populator.php on line 32
[11-Apr-2018 20:39:40 UTC] PHP Notice:  Undefined offset: 1 in /Users/talles/Public/simboPaser/populator.php on line 21
[11-Apr-2018 20:39:40 UTC] PHP Notice:  Undefined offset: 1 in /Users/talles/Public/simboPaser/populator.php on line 21
[11-Apr-2018 20:39:40 UTC] PHP Notice:  Undefined offset: 1 in /Users/talles/Public/simboPaser/populator.php on line 21
[11-Apr-2018 20:39:40 UTC] PHP Notice:  Undefined offset: 1 in /Users/talles/Public/simboPaser/populator.php on line 21
[11-Apr-2018 20:39:40 UTC] PHP Notice:  Undefined index: RentPrice in /Users/talles/Public/simboPaser/populator.php on line 38
[11-Apr-2018 20:39:40 UTC] PHP Notice:  Undefined offset: 1 in /Users/talles/Public/simboPaser/populator.php on line 21
[11-Apr-2018 20:39:40 UTC] PHP Notice:  Undefined offset: 1 in /Users/talles/Public/simboPaser/populator.php on line 21
[11-Apr-2018 20:39:40 UTC] PHP Notice:  Undefined index: Latitude in /Users/talles/Public/simboPaser/populator.php on line 31
[11-Apr-2018 20:39:40 UTC] PHP Notice:  Undefined index: Longitude in /Users/talles/Public/simboPaser/populator.php on line 32
[11-Apr-2018 20:39:40 UTC] PHP Notice:  Undefined index: RentPrice in /Users/talles/Public/simboPaser/populator.php on line 38
[11-Apr-2018 20:39:40 UTC] PHP Notice:  Undefined offset: 1 in /Users/talles/Public/simboPaser/populator.php on line 21
[11-Apr-2018 20:39:40 UTC] PHP Notice:  Undefined index: Latitude in /Users/talles/Public/simboPaser/populator.php on line 31
[11-Apr-2018 20:39:40 UTC] PHP Notice:  Undefined index: Longitude in /Users/talles/Public/simboPaser/populator.php on line 32
[11-Apr-2018 20:39:40 UTC] PHP Notice:  Undefined offset: 1 in /Users/talles/Public/simboPaser/populator.php on line 21
[11-Apr-2018 20:39:40 UTC] PHP Notice:  Undefined index: Latitude in /Users/talles/Public/simboPaser/populator.php on line 31
[11-Apr-2018 20:39:40 UTC] PHP Notice:  Undefined index: Longitude in /Users/talles/Public/simboPaser/populator.php on line 32
[11-Apr-2018 20:39:40 UTC] PHP Notice:  Undefined index: Media in /Users/talles/Public/simboPaser/populator.php on line 34
[11-Apr-2018 20:39:40 UTC] PHP Warning:  Invalid argument supplied for foreach() in /Users/talles/Public/simboPaser/populator.php on line 34
[11-Apr-2018 20:39:40 UTC] PHP Notice:  Undefined offset: 1 in /Users/talles/Public/simboPaser/populator.php on line 21
[11-Apr-2018 20:39:40 UTC] PHP Notice:  Undefined index: RentPrice in /Users/talles/Public/simboPaser/populator.php on line 38
[11-Apr-2018 20:39:40 UTC] PHP Notice:  Undefined offset: 1 in /Users/talles/Public/simboPaser/populator.php on line 21
[11-Apr-2018 20:39:40 UTC] PHP Notice:  Undefined index: UtilArea in /Users/talles/Public/simboPaser/populator.php on line 26
[11-Apr-2018 20:39:40 UTC] PHP Notice:  Undefined index: RentPrice in /Users/talles/Public/simboPaser/populator.php on line 38
[11-Apr-2018 20:39:40 UTC] PHP Notice:  Undefined offset: 1 in /Users/talles/Public/simboPaser/populator.php on line 21
[11-Apr-2018 20:39:40 UTC] PHP Notice:  Undefined index: RentPrice in /Users/talles/Public/simboPaser/populator.php on line 38
[11-Apr-2018 20:39:40 UTC] PHP Notice:  Undefined offset: 1 in /Users/talles/Public/simboPaser/populator.php on line 21
[11-Apr-2018 20:39:40 UTC] PHP Notice:  Undefined offset: 1 in /Users/talles/Public/simboPaser/populator.php on line 21
[11-Apr-2018 20:39:40 UTC] PHP Notice:  Undefined offset: 1 in /Users/talles/Public/simboPaser/populator.php on line 21
[11-Apr-2018 20:39:40 UTC] PHP Notice:  Undefined index: RentPrice in /Users/talles/Public/simboPaser/populator.php on line 38
[11-Apr-2018 20:39:40 UTC] PHP Notice:  Undefined offset: 1 in /Users/talles/Public/simboPaser/populator.php on line 21
[11-Apr-2018 20:39:40 UTC] PHP Notice:  Undefined offset: 1 in /Users/talles/Public/simboPaser/populator.php on line 21
[11-Apr-2018 20:39:40 UTC] PHP Notice:  Undefined index: RentPrice in /Users/talles/Public/simboPaser/populator.php on line 38
[11-Apr-2018 20:39:40 UTC] PHP Notice:  Undefined offset: 1 in /Users/talles/Public/simboPaser/populator.php on line 21
[11-Apr-2018 20:39:40 UTC] PHP Notice:  Undefined index: RentPrice in /Users/talles/Public/simboPaser/populator.php on line 38
[11-Apr-2018 20:39:40 UTC] PHP Notice:  Undefined offset: 1 in /Users/talles/Public/simboPaser/populator.php on line 21
[11-Apr-2018 20:39:40 UTC] PHP Notice:  Undefined offset: 1 in /Users/talles/Public/simboPaser/populator.php on line 21
[11-Apr-2018 20:39:40 UTC] PHP Notice:  Undefined index: RentPrice in /Users/talles/Public/simboPaser/populator.php on line 38
